time: 0.001270 :read 3 elem from file /home/xdf/cube-1.3/proc/main/base_define/namelist.json!
time: 0.002449 :read 4 elem from file /home/xdf/cube-1.3/proc/main/base_define/dispatchnamelist.json!
time: 0.002527 :read 1 elem from file /home/xdf/cube-1.3/proc/main/base_define/typelist.json!
time: 0.002694 :read 7 elem from file /home/xdf/cube-1.3/proc/main/base_define/subtypelist.json!
time: 0.002877 :read 1 elem from file /home/xdf/cube-1.3/proc/main/base_define/baseflag.json!
time: 0.003294 :read 3 elem from file /home/xdf/cube-1.3/proc/main/base_define/memdb.json!
time: 0.003863 :read 7 elem from file /home/xdf/cube-1.3/proc/main/base_define/msghead.json!
time: 0.004129 :read 2 elem from file /home/xdf/cube-1.3/proc/main/base_define/msgrecord.json!
time: 0.004815 :read 10 elem from file /home/xdf/cube-1.3/proc/main/base_define/base_msg.json!
time: 0.005337 :read 8 elem from file /home/xdf/cube-1.3/proc/main/base_define/return.json!
time: 0.005542 :read 3 elem from file /home/xdf/cube-1.3/proc/main/base_define/dispatchrecord.json!
time: 0.005703 :read 2 elem from file /home/xdf/cube-1.3/proc/main/base_define/exmoduledefine.json!
time: 0.005925 :read 1 elem from file /home/xdf/cube-1.3/proc/main/base_define/sys_conn.json!
time: 0.006601 :read 9 elem from file user_define.json!
time: 0.006811 :read 5 elem from file record_define.json!
time: 0.010339 :this machine's local uuid is c8bd1262e8a391d912ade24f970c3817bf4a5f5f8b481d50353d0a0847ffee59

time: 0.016645 :read 1 connector!

time: 0.016828 :read 2 policy from router_policy file!
time: 0.016886 :system plugin router_proc is prepared!
time: 0.023007 :system plugin connector_proc is prepared!
time: 0.023216 :ex_module connector_proc started successfully!
time: 0.023320 :ex_module router_proc started successfully!
time: 0.023378 :client user_client connect succeed!

ly!
time: 0.023378 :client user_client connect succeed!

time: 0.023429 :ex_module print started successfully!
time: 0.023436 :begin msgfile_send moduletime: 0.023436 :begin msgfile_send module!

time: 0.029249 :proc conn client receive 269 data!

time: 0.029369 :send 330 data to conn user_client!

time: 0.029379 :client user_client send 330 ack data to server !

time: 0.034356 :router get proc connector_proc's message 
time: 2.024816 :router get proc msg_send's message 
time: 2.024902 :new msg match path login's policy
time: 2.025128 :send message to conn process!
time: 2.031095 :send 284 data to conn user_client!

time: 2.031150 :send (12800  1)message 284 to conn user_client!

time: 2.056744 :proc conn client receive 200 data!

time: 2.059720 :router get proc connector_proc's message 
time: 2.059842 :remote msg match path login's policy
time: 2.065632 :router get proc print's message 
time: 3.025447 :router get proc msg_send's message 
time: 3.030768 :new msg match path record's policy
time: 3.031185 :send message to conn process!
time: 3.034201 :send 211 data to conn user_client!

time: 3.034256 :send (12816  3)message 211 to conn user_client!

time: 3.059051 :proc conn client receive 205 data!

time: 3.064867 :router get proc connector_proc's message 
time: 3.064905 :remote msg match path record's policy
time: 3.076117 :router get proc print's message 
time: 4.031383 :router get proc msg_send's message 
time: 4.031481 :new msg match path record's policy
time: 4.031607 :send message to conn process!
time: 4.032216 :send 184 data to conn user_client!

time: 4.032290 :send (12816  2)message 184 to conn user_client!

time: 4.051133 :proc conn client receive 188 data!

time: 4.054400 :router get proc connector_proc's message 
time: 4.054473 :remote msg match path record's policy
time: 4.060319 :router get proc print's message 
