time: 0.000249 :read 3 elem from file /home/xdf/cube-1.3/proc/main/base_define/namelist.json!
time: 0.000838 :read 4 elem from file /home/xdf/cube-1.3/proc/main/base_define/dispatchnamelist.json!
time: 0.001148 :read 1 elem from file /home/xdf/cube-1.3/proc/main/base_define/typelist.json!
time: 0.001841 :read 7 elem from file /home/xdf/cube-1.3/proc/main/base_define/subtypelist.json!
time: 0.001926 :read 1 elem from file /home/xdf/cube-1.3/proc/main/base_define/baseflag.json!
time: 0.002344 :read 3 elem from file /home/xdf/cube-1.3/proc/main/base_define/memdb.json!
time: 0.003084 :read 7 elem from file /home/xdf/cube-1.3/proc/main/base_define/msghead.json!
time: 0.003618 :read 2 elem from file /home/xdf/cube-1.3/proc/main/base_define/msgrecord.json!
time: 0.004268 :read 10 elem from file /home/xdf/cube-1.3/proc/main/base_define/base_msg.json!
time: 0.004937 :read 8 elem from file /home/xdf/cube-1.3/proc/main/base_define/return.json!
time: 0.005433 :read 3 elem from file /home/xdf/cube-1.3/proc/main/base_define/dispatchrecord.json!
time: 0.005858 :read 2 elem from file /home/xdf/cube-1.3/proc/main/base_define/exmoduledefine.json!
time: 0.006215 :read 1 elem from file /home/xdf/cube-1.3/proc/main/base_define/sys_conn.json!
time: 0.006949 :read 9 elem from file user_define.json!
time: 0.007426 :read 5 elem from file record_define.json!
time: 0.011847 :this machine's local uuid is c8bd1262e8a391d912ade24f970c3817bf4a5f5f8b481d50353d0a0847ffee59

time: 0.018202 :read 1 connector!

time: 0.018228 :conn server user_server begin to listen!

time: 0.018382 :read 3 policy from router_policy file!
time: 0.018411 :system plugin router_proc is prepared!
time: 0.024838 :system plugin connector_proc is prepared!
time: 0.024951 :ex_module connector_proc started successfully!
time: 0.025004 :ex_module router_proc started successfully!
time: 0.025057 :ex_module user_server started successfully!
time: 0.025094 :ex_module record_server started successfully!
time: 0.025116 :ex_module login_store started successfully!
time: 0.025142 :ex_module recordlib started successfully!
time: 0.025148 :instance load 6 module!

time: 0.025222 :read 0 lib files!

time: 1.023877 :create a new channel c0000b20!

time: 1.024044 :send 269 data to conn (null)!

time: 1.028077 :channel set name Student!

time: 1.033548 :router get proc connector_proc's message 
time: 3.036810 :channel receive (12800 1) message from conn Student!

time: 3.036892 :client forward (12800 1) message to main proc!

time: 3.040447 :router get proc connector_proc's message 
time: 3.040500 :remote msg match path login's policy
time: 3.051975 :router get proc user_server's message 
time: 3.052205 :send message to conn process!
time: 3.052450 :send 200 data to conn Student!

time: 3.052483 :send (12800  4)message 200 to conn Student!

time: 4.039113 :channel receive (12816 3) message from conn Student!

time: 4.039159 :client forward (12816 3) message to main proc!

time: 4.041100 :router get proc connector_proc's message 
time: 4.041157 :remote msg match path record's policy
time: 4.053048 :router get proc record_server's message 
time: 4.053215 :send message to conn process!
time: 4.059049 :router get proc record_server's message 
time: 4.059114 :new msg match path store's policy
time: 4.059239 :send 242 data to conn Student!

time: 4.059254 :send (12800  4)message 242 to conn Student!

time: 5.035843 :channel receive (12816 2) message from conn Student!

time: 5.035915 :client forward (12816 2) message to main proc!

time: 5.042097 :router get proc connector_proc's message 
time: 5.042212 :remote msg match path record's policy
time: 5.053652 :router get proc record_server's message 
time: 5.053825 :send message to conn process!
time: 5.054732 :send 206 data to conn Student!

time: 5.054768 :send (12816  1)message 206 to conn Student!

