
**************Begin new trust node proc****************************
{
 "HEAD":{"tag":"MESG","version":65537,"sender_uuid":"","receiver_uuid":"","route
    ":"","flow":"FINISH","state":"MATCH","flag":"NULL","ljump":1,"rjump":1,"record_t
    ype":"MESSAGE","record_subtype":"CONN_ACKI","record_num":1,"record_size":150,"ex
    pand_num":0,"expand_size":0,"msg_uuid":"8ec85c0695be87ae2af2c74e2e3b28284ab46bf2
    782dd1d40d022fd598e10f11"},
"RECORD":[
    {"uuid":"c8bd1262e8a391d912ade24f970c3817bf4a5f5f8b481d50353d0a0847ffee59","clie
        nt_name":"Student","client_proc":"Student","client_addr":"unknown addr","server_
        uuid":"c8bd1262e8a391d912ade24f970c3817bf4a5f5f8b481d50353d0a0847ffee59","server
        _name":"server","service":"trust_server","server_addr":"","flags":0,"nonce":""}
    ],
"EXPAND" :[]
}

************************************************************
{
 "HEAD":{"tag":"MESG","version":65537,"sender_uuid":"2d36866a5aa030ab7248c2ef4db
    8180ef3a8b100205a42d2b5a8183070601e85","receiver_uuid":"user_server","route":"lo
    gin","flow":"QUERY","state":"MATCH","flag":"LOCAL","ljump":1,"rjump":2,"record_t
    ype":"USER_DEFINE","record_subtype":"LOGIN","record_num":1,"record_size":104,"ex
    pand_num":0,"expand_size":0,"msg_uuid":"7b3b6836bb7737ae98d09456534a1dcae5e7f1d3
    efb4571542d833f72ace3a7a"},
"RECORD":[
    {"user_name":"zhangle","passwd":"123","proc_name":"","machine_uuid":""}
    ],
"EXPAND" :[]
}

************************************************************
{
 "HEAD":{"tag":"MESG","version":65537,"sender_uuid":"user_server","receiver_uuid
    ":"2d36866a5aa030ab7248c2ef4db8180ef3a8b100205a42d2b5a8183070601e85","route":"lo
    gin","flow":"QUERY","state":"RESPONSE","flag":"NULL","ljump":2,"rjump":2,"record
    _type":"USER_DEFINE","record_subtype":"RETURN","record_num":1,"record_size":0,"e
    xpand_num":0,"expand_size":0,"msg_uuid":"7b3b6836bb7737ae98d09456534a1dcae5e7f1d
    3efb4571542d833f72ace3a7a"},
"RECORD":[
    {"return_code":"SUCCEED","return_info":"login succeed!
"}
    ],
"EXPAND" :[]
}

************************************************************
